[debug] [2020-03-05T17:03:04.576Z] ----------------------------------------------------------------------
[debug] [2020-03-05T17:03:04.577Z] Command:       /usr/local/bin/node /usr/local/bin/firebase init
[debug] [2020-03-05T17:03:04.578Z] CLI Version:   7.14.0
[debug] [2020-03-05T17:03:04.578Z] Platform:      darwin
[debug] [2020-03-05T17:03:04.578Z] Node Version:  v12.14.0
[debug] [2020-03-05T17:03:04.578Z] Time:          Thu Mar 05 2020 22:33:04 GMT+0530 (India Standard Time)
[debug] [2020-03-05T17:03:04.578Z] ----------------------------------------------------------------------
[debug] [2020-03-05T17:03:04.578Z] 
[debug] [2020-03-05T17:03:04.584Z] > command requires scopes: ["email","openid","https://www.googleapis.com/auth/cloudplatformprojects.readonly","https://www.googleapis.com/auth/firebase","https://www.googleapis.com/auth/cloud-platform"]
[debug] [2020-03-05T17:03:04.585Z] > authorizing via signed-in user
[info] 
     ######## #### ########  ######## ########     ###     ######  ########
     ##        ##  ##     ## ##       ##     ##  ##   ##  ##       ##
     ######    ##  ########  ######   ########  #########  ######  ######
     ##        ##  ##    ##  ##       ##     ## ##     ##       ## ##
     ##       #### ##     ## ######## ########  ##     ##  ######  ########

You're about to initialize a Firebase project in this directory:

  /Users/boanerges/Desktop/project-BLOG-API/backend

[info] 
=== Project Setup
[info] 
[info] First, let's associate this project directory with a Firebase project.
[info] You can create multiple project aliases by running firebase use --add, 
[info] but for now we'll just set up a default project.
[info] 
[info] i  If you want to create a project in a Google Cloud organization or folder, please use "firebase projects:create" instead, and return to this command when you've created the project.
[debug] [2020-03-05T17:04:00.138Z] > refreshing access token with scopes: ["email","https://www.googleapis.com/auth/cloud-platform","https://www.googleapis.com/auth/cloudplatformprojects.readonly","https://www.googleapis.com/auth/firebase","openid"]
[debug] [2020-03-05T17:04:00.139Z] >>> HTTP REQUEST POST https://www.googleapis.com/oauth2/v3/token  
 <request body omitted>
[debug] [2020-03-05T17:04:00.487Z] <<< HTTP RESPONSE 200
[debug] [2020-03-05T17:04:00.502Z] >>> HTTP REQUEST POST https://cloudresourcemanager.googleapis.com/v1/projects  

[debug] [2020-03-05T17:04:02.662Z] <<< HTTP RESPONSE 200
[debug] [2020-03-05T17:04:02.664Z] >>> HTTP REQUEST GET https://cloudresourcemanager.googleapis.com/v1/operations/cp.5796525610497325179  
 
[debug] [2020-03-05T17:04:04.596Z] <<< HTTP RESPONSE 200
[debug] [2020-03-05T17:04:05.100Z] [Project Creation Poller] Retrying task index 0
[debug] [2020-03-05T17:04:05.100Z] >>> HTTP REQUEST GET https://cloudresourcemanager.googleapis.com/v1/operations/cp.5796525610497325179  
 
[debug] [2020-03-05T17:04:07.067Z] <<< HTTP RESPONSE 200
[debug] [2020-03-05T17:04:07.069Z] >>> HTTP REQUEST POST https://firebase.googleapis.com/v1beta1/projects/dort-blgo-frontent:addFirebase  
 
[debug] [2020-03-05T17:04:10.036Z] <<< HTTP RESPONSE 200
[debug] [2020-03-05T17:04:10.036Z] >>> HTTP REQUEST GET https://firebase.googleapis.com/v1beta1/operations/workflows/YTU4ZTljMDgtMWEyMi00YWJjLWE4NDEtOTE4MDUxMTM4ZWRi  
 
[debug] [2020-03-05T17:04:11.161Z] <<< HTTP RESPONSE 200
[debug] [2020-03-05T17:04:11.668Z] [Add Firebase Poller] Retrying task index 0
[debug] [2020-03-05T17:04:11.668Z] >>> HTTP REQUEST GET https://firebase.googleapis.com/v1beta1/operations/workflows/YTU4ZTljMDgtMWEyMi00YWJjLWE4NDEtOTE4MDUxMTM4ZWRi  
 
[debug] [2020-03-05T17:04:12.903Z] <<< HTTP RESPONSE 200
[debug] [2020-03-05T17:04:13.907Z] [Add Firebase Poller] Retrying task index 0
[debug] [2020-03-05T17:04:13.908Z] >>> HTTP REQUEST GET https://firebase.googleapis.com/v1beta1/operations/workflows/YTU4ZTljMDgtMWEyMi00YWJjLWE4NDEtOTE4MDUxMTM4ZWRi  
 
[debug] [2020-03-05T17:04:15.039Z] <<< HTTP RESPONSE 200
[debug] [2020-03-05T17:04:17.044Z] [Add Firebase Poller] Retrying task index 0
[debug] [2020-03-05T17:04:17.045Z] >>> HTTP REQUEST GET https://firebase.googleapis.com/v1beta1/operations/workflows/YTU4ZTljMDgtMWEyMi00YWJjLWE4NDEtOTE4MDUxMTM4ZWRi  
 
[debug] [2020-03-05T17:04:18.227Z] <<< HTTP RESPONSE 200
[info] 
[info] 🎉🎉🎉 Your Firebase project is ready! 🎉🎉🎉
[info] 
[info] Project information:
[info]    - Project ID: dort-blgo-frontent
[info]    - Project Name: dort-blgo
[info] 
[info] Firebase console is available at
[info] https://console.firebase.google.com/project/dort-blgo-frontent/overview
[info] i  Using project dort-blgo-frontent (dort-blgo)
[info] 
=== Hosting Setup
[info] 
[info] Your public directory is the folder (relative to your project directory) that
[info] will contain Hosting assets to be uploaded with firebase deploy. If you
[info] have a build process for your assets, use your build's output directory.
[info] 
[debug] [2020-03-05T17:06:35.513Z] Error: write EIO
    at afterWriteDispatched (internal/stream_base_commons.js:150:25)
    at writeGeneric (internal/stream_base_commons.js:141:3)
    at WriteStream.Socket._writeGeneric (net.js:771:11)
    at WriteStream.Socket._write (net.js:783:8)
    at doWrite (_stream_writable.js:431:12)
    at writeOrBuffer (_stream_writable.js:415:5)
    at WriteStream.Writable.write (_stream_writable.js:305:11)
    at EventEmitter.signalExit.alwaysLast (/usr/local/lib/node_modules/firebase-tools/node_modules/restore-cursor/index.js:7:18)
    at EventEmitter.emit (events.js:210:5)
    at EventEmitter.emit (domain.js:475:20)
    at emit (/usr/local/lib/node_modules/firebase-tools/node_modules/signal-exit/index.js:77:11)
    at process.listener (/usr/local/lib/node_modules/firebase-tools/node_modules/signal-exit/index.js:93:7)
    at process.emit (events.js:210:5)
